<?xml version="1.0" encoding="UTF-8"?>
<!-- Generated by org.testng.reporters.JUnitXMLReporter -->
<testsuite ignored="0" hostname="LAPTOP-B7J48FNR" failures="0" tests="2" name="ErrorValidationTest" time="32.315" errors="0" timestamp="2024-07-01T15:43:29 IST">
  <testcase classname="com.FrameLearn.test.ErrorValidationTest" name="incorrectLogin" time="1.078"/>
  <testcase classname="com.FrameLearn.test.ErrorValidationTest" name="incorrectProduct" time="2.931"/>
</testsuite> <!-- ErrorValidationTest -->
