<?xml version="1.0" encoding="UTF-8"?>
<!-- Generated by org.testng.reporters.JUnitXMLReporter -->
<testsuite ignored="2" hostname="LAPTOP-B7J48FNR" failures="1" tests="3" name="Test" time="52.106" errors="0" timestamp="2024-07-02T17:08:07 IST">
  <testcase classname="com.FrameLearn.test.ErrorValidationTest" name="incorrectLogin" time="0.846">
    <skipped/>
  </testcase> <!-- incorrectLogin -->
  <testcase classname="com.FrameLearn.test.ErrorValidationTest" name="incorrectLogin" time="4.919">
    <failure type="java.lang.AssertionError" message="expected [Incorrect ema or password.] but found [Incorrect email or password.]">
      <![CDATA[java.lang.AssertionError: expected [Incorrect ema or password.] but found [Incorrect email or password.]
at com.FrameLearn.test.ErrorValidationTest.incorrectLogin(ErrorValidationTest.java:15)
at java.base/java.util.ArrayList.forEach(ArrayList.java:1596)
... Removed 31 stack frames]]>
    </failure>
  </testcase> <!-- incorrectLogin -->
  <testcase classname="com.FrameLearn.test.ErrorValidationTest" name="incorrectProduct" time="14.695"/>
  <testcase classname="com.FrameLearn.test.E2ETest" name="VerifyOrderHistory" time="0.0">
    <ignored/>
  </testcase> <!-- VerifyOrderHistory -->
  <testcase classname="com.FrameLearn.test.E2ETest" name="orderplacement" time="0.0">
    <ignored/>
  </testcase> <!-- orderplacement -->
</testsuite> <!-- Test -->
