<?xml version="1.0" encoding="UTF-8"?>
<!-- Generated by org.testng.reporters.JUnitXMLReporter -->
<testsuite ignored="0" hostname="LAPTOP-B7J48FNR" failures="0" tests="3" name="SubmitOrderTest" time="77.378" errors="0" timestamp="2024-07-02T17:30:05 IST">
  <testcase classname="com.FrameLearn.test.E2ETest" name="orderplacement" time="20.339"/>
  <testcase classname="com.FrameLearn.test.E2ETest" name="orderplacement" time="19.572"/>
  <testcase classname="com.FrameLearn.test.E2ETest" name="VerifyOrderHistory" time="5.236"/>
</testsuite> <!-- SubmitOrderTest -->
